<?xml version="1.0" encoding="UTF-8"?>
<testng-results ignored="0" total="1" passed="1" failed="0" skipped="0">
  <reporter-output>
  </reporter-output>
  <suite started-at="2025-10-13T09:59:35 IST" name="Default suite" finished-at="2025-10-13T09:59:47 IST" duration-ms="11917">
    <groups>
    </groups>
    <test started-at="2025-10-13T09:59:35 IST" name="Default test" finished-at="2025-10-13T09:59:47 IST" duration-ms="11917">
      <class name="com.test.LoginTest">
        <test-method is-config="true" signature="setUp()[pri:0, instance:com.test.LoginTest@34a3d150]" started-at="2025-10-13T09:59:35 IST" name="setUp" finished-at="2025-10-13T09:59:44 IST" duration-ms="9385" status="PASS">
          <reporter-output>
          </reporter-output>
        </test-method> <!-- setUp -->
        <test-method signature="onTest()[pri:0, instance:com.test.LoginTest@34a3d150]" started-at="2025-10-13T09:59:44 IST" name="onTest" finished-at="2025-10-13T09:59:47 IST" duration-ms="2210" status="PASS">
          <reporter-output>
          </reporter-output>
        </test-method> <!-- onTest -->
        <test-method is-config="true" signature="tearDown()[pri:0, instance:com.test.LoginTest@34a3d150]" started-at="2025-10-13T09:59:47 IST" name="tearDown" finished-at="2025-10-13T09:59:47 IST" duration-ms="268" status="PASS">
          <reporter-output>
          </reporter-output>
        </test-method> <!-- tearDown -->
      </class> <!-- com.test.LoginTest -->
    </test> <!-- Default test -->
  </suite> <!-- Default suite -->
</testng-results>
